<?xml version="1.0" encoding="UTF-8"?>
<testsuite name="arcane.loader.ArcaneLoaderConfigTest" tests="2" skipped="0" failures="0" errors="0" timestamp="2026-03-12T20:02:31.119Z" hostname="fedora" time="0.022">
  <properties/>
  <testcase name="toJsonRoundTripsStructuredFields()" classname="arcane.loader.ArcaneLoaderConfigTest" time="0.021"/>
  <testcase name="parseNormalizesPoliciesAndPreservesFallbacks()" classname="arcane.loader.ArcaneLoaderConfigTest" time="0.0"/>
  <system-out><![CDATA[]]></system-out>
  <system-err><![CDATA[]]></system-err>
</testsuite>
