<?xml version="1.0" encoding="UTF-8"?>
<testsuite name="arcane.loader.lua.LuaEnableTransactionTest" tests="2" skipped="0" failures="0" errors="0" timestamp="2026-03-12T20:02:31.153Z" hostname="fedora" time="0.018">
  <properties/>
  <testcase name="commitAppliesLoadedState()" classname="arcane.loader.lua.LuaEnableTransactionTest" time="0.013"/>
  <testcase name="failRecordsRuntimeErrorAndMovesToErrorState()" classname="arcane.loader.lua.LuaEnableTransactionTest" time="0.004"/>
  <system-out><![CDATA[]]></system-out>
  <system-err><![CDATA[]]></system-err>
</testsuite>
