<?xml version="1.0" encoding="UTF-8"?>
<testsuite name="arcane.loader.lua.LuaAssetManagerTest" tests="2" skipped="0" failures="0" errors="0" timestamp="2026-03-12T20:02:31.142Z" hostname="fedora" time="0.006">
  <properties/>
  <testcase name="sourceFingerprintChangesWhenAssetSourceChanges()" classname="arcane.loader.lua.LuaAssetManagerTest" time="0.005"/>
  <testcase name="sourceFingerprintIsStableForUnchangedSource()" classname="arcane.loader.lua.LuaAssetManagerTest" time="0.001"/>
  <system-out><![CDATA[]]></system-out>
  <system-err><![CDATA[]]></system-err>
</testsuite>
