<?xml version="1.0" encoding="UTF-8"?>
<testsuite name="arcane.loader.lua.LuaModuleLoaderTest" tests="3" skipped="0" failures="0" errors="0" timestamp="2026-03-12T20:02:31.201Z" hostname="fedora" time="0.011">
  <properties/>
  <testcase name="loadModuleReadsLuaTableFromEntryFile()" classname="arcane.loader.lua.LuaModuleLoaderTest" time="0.009"/>
  <testcase name="loadModuleRejectsNonTableReturn()" classname="arcane.loader.lua.LuaModuleLoaderTest" time="0.001"/>
  <testcase name="loadModuleRejectsMissingEntryFile()" classname="arcane.loader.lua.LuaModuleLoaderTest" time="0.001"/>
  <system-out><![CDATA[]]></system-out>
  <system-err><![CDATA[]]></system-err>
</testsuite>
