<?xml version="1.0" encoding="UTF-8"?>
<testsuite name="arcane.loader.lua.LuaInvocationMetricsTest" tests="2" skipped="0" failures="0" errors="0" timestamp="2026-03-12T20:02:31.175Z" hostname="fedora" time="0.002">
  <properties/>
  <testcase name="resetClearsAllAggregates()" classname="arcane.loader.lua.LuaInvocationMetricsTest" time="0.001"/>
  <testcase name="recordsFailuresSlowCallsAndNormalizesInput()" classname="arcane.loader.lua.LuaInvocationMetricsTest" time="0.001"/>
  <system-out><![CDATA[]]></system-out>
  <system-err><![CDATA[]]></system-err>
</testsuite>
