<?xml version="1.0" encoding="UTF-8"?>
<testsuite name="arcane.loader.lua.LuaDispatchSupportTest" tests="2" skipped="0" failures="0" errors="0" timestamp="2026-03-12T20:02:31.148Z" hostname="fedora" time="0.005">
  <properties/>
  <testcase name="buildsCommandArgsAndNetworkEnvelope()" classname="arcane.loader.lua.LuaDispatchSupportTest" time="0.002"/>
  <testcase name="dispatchCountsSuccessesAndInvokesFailureAndFinallyHandlers()" classname="arcane.loader.lua.LuaDispatchSupportTest" time="0.003"/>
  <system-out><![CDATA[]]></system-out>
  <system-err><![CDATA[]]></system-err>
</testsuite>
