<?xml version="1.0" encoding="UTF-8"?>
<testsuite name="arcane.loader.lua.LuaLifecycleOrderResolverTest" tests="2" skipped="0" failures="0" errors="0" timestamp="2026-03-12T20:02:31.182Z" hostname="fedora" time="0.002">
  <properties/>
  <testcase name="cyclesFallBackToStableIdOrderForUnresolvedSet()" classname="arcane.loader.lua.LuaLifecycleOrderResolverTest" time="0.001"/>
  <testcase name="ordersByLoadAfterAndLoadBeforeHints()" classname="arcane.loader.lua.LuaLifecycleOrderResolverTest" time="0.001"/>
  <system-out><![CDATA[]]></system-out>
  <system-err><![CDATA[]]></system-err>
</testsuite>
