<?xml version="1.0" encoding="UTF-8"?>
<testsuite name="arcane.loader.lua.LuaRuntimeErrorsTest" tests="2" skipped="0" failures="0" errors="0" timestamp="2026-03-12T20:02:31.216Z" hostname="fedora" time="0.001">
  <properties/>
  <testcase name="recordSetsLastErrorDetailAndHistoryEntry()" classname="arcane.loader.lua.LuaRuntimeErrorsTest" time="0.001"/>
  <testcase name="stacktraceIncludesMessageAndType()" classname="arcane.loader.lua.LuaRuntimeErrorsTest" time="0.0"/>
  <system-out><![CDATA[]]></system-out>
  <system-err><![CDATA[]]></system-err>
</testsuite>
