<?xml version="1.0" encoding="UTF-8"?>
<testsuite name="arcane.loader.lua.LuaEventBusTest" tests="3" skipped="0" failures="0" errors="0" timestamp="2026-03-12T20:02:31.171Z" hostname="fedora" time="0.004">
  <properties/>
  <testcase name="cancelledPayloadSkipsIgnoreCancelledListeners()" classname="arcane.loader.lua.LuaEventBusTest" time="0.003"/>
  <testcase name="emitUsesPriorityThenRegistrationOrder()" classname="arcane.loader.lua.LuaEventBusTest" time="0.001"/>
  <testcase name="onceListenerIsRemovedAfterFirstEmit()" classname="arcane.loader.lua.LuaEventBusTest" time="0.0"/>
  <system-out><![CDATA[]]></system-out>
  <system-err><![CDATA[]]></system-err>
</testsuite>
