<?xml version="1.0" encoding="UTF-8"?>
<testsuite name="arcane.loader.lua.LuaLifecyclePlannerTest" tests="3" skipped="0" failures="0" errors="0" timestamp="2026-03-12T20:02:31.184Z" hostname="fedora" time="0.006">
  <properties/>
  <testcase name="disableAllTargetsEnabledModsInReverseOrder()" classname="arcane.loader.lua.LuaLifecyclePlannerTest" time="0.004"/>
  <testcase name="reloadAllReloadsEnabledAndEnablesEverythingElse()" classname="arcane.loader.lua.LuaLifecyclePlannerTest" time="0.0"/>
  <testcase name="enableAllTargetsOnlyNonEnabledModsInOrder()" classname="arcane.loader.lua.LuaLifecyclePlannerTest" time="0.001"/>
  <system-out><![CDATA[]]></system-out>
  <system-err><![CDATA[]]></system-err>
</testsuite>
