<?xml version="1.0" encoding="UTF-8"?>
<testsuite name="arcane.loader.lua.LuaModuleHooksTest" tests="2" skipped="0" failures="0" errors="0" timestamp="2026-03-12T20:02:31.198Z" hostname="fedora" time="0.001">
  <properties/>
  <testcase name="existingHookReceivesContextUserdata()" classname="arcane.loader.lua.LuaModuleHooksTest" time="0.0"/>
  <testcase name="missingHookDoesNothing()" classname="arcane.loader.lua.LuaModuleHooksTest" time="0.001"/>
  <system-out><![CDATA[]]></system-out>
  <system-err><![CDATA[]]></system-err>
</testsuite>
