<?xml version="1.0" encoding="UTF-8"?>
<testsuite name="arcane.loader.lua.LuaModTimersTest" tests="4" skipped="0" failures="0" errors="0" timestamp="2026-03-12T20:02:30.922Z" hostname="fedora" time="0.196">
  <properties/>
  <testcase name="timeoutRunsOnceAndBecomesInactive()" classname="arcane.loader.lua.LuaModTimersTest" time="0.02"/>
  <testcase name="cleanupCancelsPendingTasksAndInactiveContextsDoNotRunCallbacks()" classname="arcane.loader.lua.LuaModTimersTest" time="0.152"/>
  <testcase name="nonPositiveDelayIsClampedInsteadOfFailingSchedulerSubmission()" classname="arcane.loader.lua.LuaModTimersTest" time="0.002"/>
  <testcase name="intervalTracksFailuresAndSupportsCancellation()" classname="arcane.loader.lua.LuaModTimersTest" time="0.021"/>
  <system-out><![CDATA[]]></system-out>
  <system-err><![CDATA[]]></system-err>
</testsuite>
